  bird.cpp
  bullet.cpp
  effect.cpp
  game.cpp
  gun.cpp
  points.cpp
C:\Users\couga\Documents\School Stuff\Year 4\Semester 2\Design Patterns\Design-Patterns\SkeetAlgorithmAbstraction\Decorator\points.cpp(83,18): warning C4244: 'initializing': conversion from 'double' to 'GLfloat', possible loss of data
C:\Users\couga\Documents\School Stuff\Year 4\Semester 2\Design Patterns\Design-Patterns\SkeetAlgorithmAbstraction\Decorator\points.cpp(84,18): warning C4244: 'initializing': conversion from 'double' to 'GLfloat', possible loss of data
C:\Users\couga\Documents\School Stuff\Year 4\Semester 2\Design Patterns\Design-Patterns\SkeetAlgorithmAbstraction\Decorator\points.cpp(107,11): warning C4305: '-=': truncation from 'double' to 'float'
  position.cpp
  score.cpp
  skeet.cpp
C:\Users\couga\Documents\School Stuff\Year 4\Semester 2\Design Patterns\Design-Patterns\SkeetAlgorithmAbstraction\Decorator\skeet.cpp(267,14): warning C4244: 'initializing': conversion from 'double' to 'GLfloat', possible loss of data
C:\Users\couga\Documents\School Stuff\Year 4\Semester 2\Design Patterns\Design-Patterns\SkeetAlgorithmAbstraction\Decorator\skeet.cpp(268,14): warning C4244: 'initializing': conversion from 'double' to 'GLfloat', possible loss of data
C:\Users\couga\Documents\School Stuff\Year 4\Semester 2\Design Patterns\Design-Patterns\SkeetAlgorithmAbstraction\Decorator\skeet.cpp(275,17): warning C4244: 'argument': conversion from 'double' to 'GLfloat', possible loss of data
C:\Users\couga\Documents\School Stuff\Year 4\Semester 2\Design Patterns\Design-Patterns\SkeetAlgorithmAbstraction\Decorator\skeet.cpp(276,17): warning C4244: 'argument': conversion from 'double' to 'GLfloat', possible loss of data
C:\Users\couga\Documents\School Stuff\Year 4\Semester 2\Design Patterns\Design-Patterns\SkeetAlgorithmAbstraction\Decorator\skeet.cpp(278,20): warning C4244: 'argument': conversion from 'double' to 'GLfloat', possible loss of data
C:\Users\couga\Documents\School Stuff\Year 4\Semester 2\Design Patterns\Design-Patterns\SkeetAlgorithmAbstraction\Decorator\skeet.cpp(279,20): warning C4244: 'argument': conversion from 'double' to 'GLfloat', possible loss of data
C:\Users\couga\Documents\School Stuff\Year 4\Semester 2\Design Patterns\Design-Patterns\SkeetAlgorithmAbstraction\Decorator\skeet.cpp(282,30): warning C4244: 'argument': conversion from 'double' to 'GLfloat', possible loss of data
  time.cpp
  uiInteract.cpp
  Generating Code...
  Skeet.vcxproj -> C:\Users\couga\Documents\School Stuff\Year 4\Semester 2\Design Patterns\Design-Patterns\SkeetAlgorithmAbstraction\Decorator\x64\Debug\Skeet.exe
